<?xml version="1.0" encoding="UTF-8"?>
<testsuite name="com.web.AccountService.selenium.AccountServiceSeleniumTest" tests="10" skipped="0" failures="0" errors="0" timestamp="2025-10-20T15:17:02.348Z" hostname="MSI" time="0.649">
  <properties/>
  <testcase name="Test Health Endpoint via Browser" classname="com.web.AccountService.selenium.AccountServiceSeleniumTest" time="0.103"/>
  <testcase name="Test API Endpoint Accessibility" classname="com.web.AccountService.selenium.AccountServiceSeleniumTest" time="0.067"/>
  <testcase name="Test Register Endpoint Accessibility" classname="com.web.AccountService.selenium.AccountServiceSeleniumTest" time="0.044"/>
  <testcase name="Test Invalid Endpoint Behavior" classname="com.web.AccountService.selenium.AccountServiceSeleniumTest" time="0.048"/>
  <testcase name="Test Page Load Performance" classname="com.web.AccountService.selenium.AccountServiceSeleniumTest" time="0.039"/>
  <testcase name="Test Browser Navigation and Back Button" classname="com.web.AccountService.selenium.AccountServiceSeleniumTest" time="0.101"/>
  <testcase name="Test Page Source Content" classname="com.web.AccountService.selenium.AccountServiceSeleniumTest" time="0.015"/>
  <testcase name="Test Multiple Endpoint Visits" classname="com.web.AccountService.selenium.AccountServiceSeleniumTest" time="0.134"/>
  <testcase name="Test JavaScript Console Errors" classname="com.web.AccountService.selenium.AccountServiceSeleniumTest" time="0.03"/>
  <testcase name="Test Response Time Consistency" classname="com.web.AccountService.selenium.AccountServiceSeleniumTest" time="0.062"/>
  <system-out><![CDATA[2025-10-20T17:17:01.114+02:00  INFO 22616 --- [AccountService] [    Test worker] t.c.s.AnnotationConfigContextLoaderUtils : Could not detect default configuration classes for test class [com.web.AccountService.selenium.AccountServiceSeleniumTest]: AccountServiceSeleniumTest does not declare any static, non-private, non-final, nested classes annotated with @Configuration.
2025-10-20T17:17:01.122+02:00  INFO 22616 --- [AccountService] [    Test worker] .b.t.c.SpringBootTestContextBootstrapper : Found @SpringBootConfiguration com.web.AccountService.AccountServiceApplication for test class com.web.AccountService.selenium.AccountServiceSeleniumTest
2025-10-20T17:17:01.353+02:00  INFO 22616 --- [AccountService] [    Test worker] i.g.bonigarcia.wdm.WebDriverManager      : Using chromedriver 141.0.7390.78 (resolved driver for Chrome 141)
2025-10-20T17:17:01.407+02:00  INFO 22616 --- [AccountService] [    Test worker] i.g.bonigarcia.wdm.WebDriverManager      : Exporting webdriver.chrome.driver as C:\Users\ssp_9\.cache\selenium\chromedriver\win64\141.0.7390.78\chromedriver.exe
2025-10-20T17:17:02.338+02:00  WARN 22616 --- [AccountService] [    Test worker] o.o.selenium.devtools.CdpVersionFinder   : Unable to find CDP implementation matching 141
2025-10-20T17:17:02.338+02:00  WARN 22616 --- [AccountService] [    Test worker] o.o.selenium.chromium.ChromiumDriver     : Unable to find version of CDP to use for 141.0.7390.108. You may need to include a dependency on a specific version of the CDP using something similar to `org.seleniumhq.selenium:selenium-devtools-v86:4.31.0` where the version ("v86") matches the version of the chromium-based browser you're using and the version number of the artifact is the same as Selenium's.
Health endpoint response: Authorization Server is running.
2025-10-20T17:17:02.461+02:00  WARN 22616 --- [AccountService] [o-auto-2-exec-6] .w.s.m.s.DefaultHandlerExceptionResolver : Resolved [org.springframework.web.HttpRequestMethodNotSupportedException: Request method 'GET' is not supported]
Token endpoint GET response: 
2025-10-20T17:17:02.529+02:00  WARN 22616 --- [AccountService] [o-auto-2-exec-7] .w.s.m.s.DefaultHandlerExceptionResolver : Resolved [org.springframework.web.HttpRequestMethodNotSupportedException: Request method 'GET' is not supported]
Register endpoint GET response: 
Invalid endpoint response: 
Page load time: 37ms
2025-10-20T17:17:02.690+02:00  WARN 22616 --- [AccountService] [o-auto-2-exec-1] .w.s.m.s.DefaultHandlerExceptionResolver : Resolved [org.springframework.web.HttpRequestMethodNotSupportedException: Request method 'GET' is not supported]
Endpoint / response: Authorization Server is running.
2025-10-20T17:17:02.808+02:00  WARN 22616 --- [AccountService] [o-auto-2-exec-4] .w.s.m.s.DefaultHandlerExceptionResolver : Resolved [org.springframework.web.HttpRequestMethodNotSupportedException: Request method 'GET' is not supported]
Endpoint /token response: 
2025-10-20T17:17:02.864+02:00  WARN 22616 --- [AccountService] [o-auto-2-exec-5] .w.s.m.s.DefaultHandlerExceptionResolver : Resolved [org.springframework.web.HttpRequestMethodNotSupportedException: Request method 'GET' is not supported]
Endpoint /register response: 
Request 1 response time: 23ms
Request 2 response time: 19ms
Request 3 response time: 16ms
Average response time: 19ms
]]></system-out>
  <system-err><![CDATA[]]></system-err>
</testsuite>
