<?xml version="1.0" encoding="UTF-8"?>
<testsuite name="com.web.AccountService.AccountServiceApplicationTests" tests="1" skipped="0" failures="0" errors="0" timestamp="2025-10-17T13:04:30.219Z" hostname="LABPC" time="1.009">
  <properties/>
  <testcase name="contextLoads()" classname="com.web.AccountService.AccountServiceApplicationTests" time="1.009"/>
  <system-out><![CDATA[09:04:26.723 [Test worker] INFO org.springframework.test.context.support.AnnotationConfigContextLoaderUtils -- Could not detect default configuration classes for test class [com.web.AccountService.AccountServiceApplicationTests]: AccountServiceApplicationTests does not declare any static, non-private, non-final, nested classes annotated with @Configuration.
09:04:26.912 [Test worker] INFO org.springframework.boot.test.context.SpringBootTestContextBootstrapper -- Found @SpringBootConfiguration com.web.AccountService.AccountServiceApplication for test class com.web.AccountService.AccountServiceApplicationTests

  .   ____          _            __ _ _
 /\\ / ___'_ __ _ _(_)_ __  __ _ \ \ \ \
( ( )\___ | '_ | '_| | '_ \/ _` | \ \ \ \
 \\/  ___)| |_)| | | | | || (_| |  ) ) ) )
  '  |____| .__|_| |_|_| |_\__, | / / / /
 =========|_|==============|___/=/_/_/_/

 :: Spring Boot ::                (v3.5.6)

2025-10-17T09:04:27.677-04:00  INFO 9488 --- [AccountService] [    Test worker] c.w.A.AccountServiceApplicationTests     : Starting AccountServiceApplicationTests using Java 21.0.5 with PID 9488 (started by labadmin in C:\SpringBootProject\SpringBootProjectCustumerService\SpringBootProjectAccountService)
2025-10-17T09:04:27.677-04:00  INFO 9488 --- [AccountService] [    Test worker] c.w.A.AccountServiceApplicationTests     : No active profile set, falling back to 1 default profile: "default"
2025-10-17T09:04:29.525-04:00  INFO 9488 --- [AccountService] [    Test worker] r$InitializeUserDetailsManagerConfigurer : Global AuthenticationManager configured with UserDetailsService bean with name users
2025-10-17T09:04:30.183-04:00  INFO 9488 --- [AccountService] [    Test worker] c.w.A.AccountServiceApplicationTests     : Started AccountServiceApplicationTests in 2.992 seconds (process running for 4.849)
]]></system-out>
  <system-err><![CDATA[Mockito is currently self-attaching to enable the inline-mock-maker. This will no longer work in future releases of the JDK. Please add Mockito as an agent to your build as described in Mockito's documentation: https://javadoc.io/doc/org.mockito/mockito-core/latest/org.mockito/org/mockito/Mockito.html#0.3
WARNING: A Java agent has been loaded dynamically (C:\Users\labadmin\.gradle\caches\modules-2\files-2.1\net.bytebuddy\byte-buddy-agent\1.17.7\fbf3d6d649ed37fc9e9c59480a05be0a26e3c2da\byte-buddy-agent-1.17.7.jar)
WARNING: If a serviceability tool is in use, please run with -XX:+EnableDynamicAgentLoading to hide this warning
WARNING: If a serviceability tool is not in use, please run with -Djdk.instrument.traceUsage for more information
WARNING: Dynamic loading of agents will be disallowed by default in a future release
]]></system-err>
</testsuite>
