<?xml version="1.0" encoding="UTF-8"?>
<testsuite name="com.web.AccountService.AccountServiceApplicationTests" tests="1" skipped="0" failures="0" errors="0" timestamp="2025-10-20T06:49:05.575Z" hostname="MSI" time="0.558">
  <properties/>
  <testcase name="contextLoads()" classname="com.web.AccountService.AccountServiceApplicationTests" time="0.558"/>
  <system-out><![CDATA[08:49:03.744 [Test worker] INFO org.springframework.test.context.support.AnnotationConfigContextLoaderUtils -- Could not detect default configuration classes for test class [com.web.AccountService.AccountServiceApplicationTests]: AccountServiceApplicationTests does not declare any static, non-private, non-final, nested classes annotated with @Configuration.
08:49:03.853 [Test worker] INFO org.springframework.boot.test.context.SpringBootTestContextBootstrapper -- Found @SpringBootConfiguration com.web.AccountService.AccountServiceApplication for test class com.web.AccountService.AccountServiceApplicationTests

  .   ____          _            __ _ _
 /\\ / ___'_ __ _ _(_)_ __  __ _ \ \ \ \
( ( )\___ | '_ | '_| | '_ \/ _` | \ \ \ \
 \\/  ___)| |_)| | | | | || (_| |  ) ) ) )
  '  |____| .__|_| |_|_| |_\__, | / / / /
 =========|_|==============|___/=/_/_/_/

 :: Spring Boot ::                (v3.5.6)

2025-10-20T08:49:04.230+02:00  INFO 22992 --- [AccountService] [    Test worker] c.w.A.AccountServiceApplicationTests     : Starting AccountServiceApplicationTests using Java 21.0.2 with PID 22992 (started by ssp_9 in C:\Users\ssp_9\Desktop\SpringBoot Project different repositories\SpringBootProjectAccountService)
2025-10-20T08:49:04.231+02:00  INFO 22992 --- [AccountService] [    Test worker] c.w.A.AccountServiceApplicationTests     : No active profile set, falling back to 1 default profile: "default"
2025-10-20T08:49:05.271+02:00  INFO 22992 --- [AccountService] [    Test worker] r$InitializeUserDetailsManagerConfigurer : Global AuthenticationManager configured with UserDetailsService bean with name users
2025-10-20T08:49:05.562+02:00  INFO 22992 --- [AccountService] [    Test worker] c.w.A.AccountServiceApplicationTests     : Started AccountServiceApplicationTests in 1.565 seconds (process running for 2.54)
]]></system-out>
  <system-err><![CDATA[Mockito is currently self-attaching to enable the inline-mock-maker. This will no longer work in future releases of the JDK. Please add Mockito as an agent to your build as described in Mockito's documentation: https://javadoc.io/doc/org.mockito/mockito-core/latest/org.mockito/org/mockito/Mockito.html#0.3
WARNING: A Java agent has been loaded dynamically (C:\Users\ssp_9\.gradle\caches\modules-2\files-2.1\net.bytebuddy\byte-buddy-agent\1.17.7\fbf3d6d649ed37fc9e9c59480a05be0a26e3c2da\byte-buddy-agent-1.17.7.jar)
WARNING: If a serviceability tool is in use, please run with -XX:+EnableDynamicAgentLoading to hide this warning
WARNING: If a serviceability tool is not in use, please run with -Djdk.instrument.traceUsage for more information
WARNING: Dynamic loading of agents will be disallowed by default in a future release
]]></system-err>
</testsuite>
