<?xml version="1.0" encoding="UTF-8"?>
<testsuite name="com.web.AccountService.integration.AccountServiceIntegrationTest" tests="9" skipped="0" failures="0" errors="0" timestamp="2025-10-20T15:16:59.440Z" hostname="MSI" time="1.079">
  <properties/>
  <testcase name="testTokenEndpointWithEmptyRequest()" classname="com.web.AccountService.integration.AccountServiceIntegrationTest" time="0.924"/>
  <testcase name="testCorsHeaders()" classname="com.web.AccountService.integration.AccountServiceIntegrationTest" time="0.011"/>
  <testcase name="testHealthEndpoint()" classname="com.web.AccountService.integration.AccountServiceIntegrationTest" time="0.008"/>
  <testcase name="testRegisterEndpointWithInvalidRequest()" classname="com.web.AccountService.integration.AccountServiceIntegrationTest" time="0.025"/>
  <testcase name="testInvalidEndpoint()" classname="com.web.AccountService.integration.AccountServiceIntegrationTest" time="0.036"/>
  <testcase name="testRegisterEndpointWithValidRequest()" classname="com.web.AccountService.integration.AccountServiceIntegrationTest" time="0.014"/>
  <testcase name="testContentTypeHandling()" classname="com.web.AccountService.integration.AccountServiceIntegrationTest" time="0.01"/>
  <testcase name="testTokenEndpointWithValidRequest()" classname="com.web.AccountService.integration.AccountServiceIntegrationTest" time="0.01"/>
  <testcase name="testServerErrorHandling()" classname="com.web.AccountService.integration.AccountServiceIntegrationTest" time="0.031"/>
  <system-out><![CDATA[2025-10-20T17:16:57.785+02:00  INFO 22616 --- [AccountService] [    Test worker] t.c.s.AnnotationConfigContextLoaderUtils : Could not detect default configuration classes for test class [com.web.AccountService.integration.AccountServiceIntegrationTest]: AccountServiceIntegrationTest does not declare any static, non-private, non-final, nested classes annotated with @Configuration.
2025-10-20T17:16:57.796+02:00  INFO 22616 --- [AccountService] [    Test worker] .b.t.c.SpringBootTestContextBootstrapper : Found @SpringBootConfiguration com.web.AccountService.AccountServiceApplication for test class com.web.AccountService.integration.AccountServiceIntegrationTest

  .   ____          _            __ _ _
 /\\ / ___'_ __ _ _(_)_ __  __ _ \ \ \ \
( ( )\___ | '_ | '_| | '_ \/ _` | \ \ \ \
 \\/  ___)| |_)| | | | | || (_| |  ) ) ) )
  '  |____| .__|_| |_|_| |_\__, | / / / /
 =========|_|==============|___/=/_/_/_/

 :: Spring Boot ::                (v3.5.6)

2025-10-20T17:16:57.832+02:00  INFO 22616 --- [AccountService] [    Test worker] c.w.A.i.AccountServiceIntegrationTest    : Starting AccountServiceIntegrationTest using Java 21.0.2 with PID 22616 (started by ssp_9 in C:\Users\ssp_9\Desktop\SpringBoot Project different repositories\SpringBootProjectAccountService)
2025-10-20T17:16:57.832+02:00 DEBUG 22616 --- [AccountService] [    Test worker] c.w.A.i.AccountServiceIntegrationTest    : Running with Spring Boot v3.5.6, Spring v6.2.11
2025-10-20T17:16:57.832+02:00  INFO 22616 --- [AccountService] [    Test worker] c.w.A.i.AccountServiceIntegrationTest    : The following 1 profile is active: "test"
2025-10-20T17:16:58.222+02:00  INFO 22616 --- [AccountService] [    Test worker] o.s.b.w.embedded.tomcat.TomcatWebServer  : Tomcat initialized with port 0 (http)
2025-10-20T17:16:58.241+02:00  INFO 22616 --- [AccountService] [    Test worker] o.apache.catalina.core.StandardService   : Starting service [Tomcat]
2025-10-20T17:16:58.241+02:00  INFO 22616 --- [AccountService] [    Test worker] o.apache.catalina.core.StandardEngine    : Starting Servlet engine: [Apache Tomcat/10.1.46]
2025-10-20T17:16:58.309+02:00  INFO 22616 --- [AccountService] [    Test worker] o.a.c.c.C.[.[localhost].[/account]       : Initializing Spring embedded WebApplicationContext
2025-10-20T17:16:58.310+02:00  INFO 22616 --- [AccountService] [    Test worker] w.s.c.ServletWebServerApplicationContext : Root WebApplicationContext: initialization completed in 476 ms
2025-10-20T17:16:58.827+02:00  INFO 22616 --- [AccountService] [    Test worker] r$InitializeUserDetailsManagerConfigurer : Global AuthenticationManager configured with UserDetailsService bean with name users
2025-10-20T17:16:59.417+02:00  INFO 22616 --- [AccountService] [    Test worker] o.s.b.w.embedded.tomcat.TomcatWebServer  : Tomcat started on port 56978 (http) with context path '/account'
2025-10-20T17:16:59.425+02:00  INFO 22616 --- [AccountService] [    Test worker] c.w.A.i.AccountServiceIntegrationTest    : Started AccountServiceIntegrationTest in 1.626 seconds (process running for 4.925)
2025-10-20T17:17:00.049+02:00  INFO 22616 --- [AccountService] [o-auto-1-exec-1] o.a.c.c.C.[.[localhost].[/account]       : Initializing Spring DispatcherServlet 'dispatcherServlet'
2025-10-20T17:17:00.050+02:00  INFO 22616 --- [AccountService] [o-auto-1-exec-1] o.s.web.servlet.DispatcherServlet        : Initializing Servlet 'dispatcherServlet'
2025-10-20T17:17:00.051+02:00  INFO 22616 --- [AccountService] [o-auto-1-exec-1] o.s.web.servlet.DispatcherServlet        : Completed initialization in 1 ms
Username null
Password null
Username null
Password null
Register{name='', email='invalid-email', password=''}
Register{name='newuser', email='newuser@example.com', password='newpassword'}
Username testuser
Password testpassword
Username testuser
Password testpassword
Username testuser
Password testpassword
Username testuser
Password testpassword
2025-10-20T17:17:00.514+02:00  WARN 22616 --- [AccountService] [o-auto-1-exec-9] .w.s.m.s.DefaultHandlerExceptionResolver : Resolved [org.springframework.http.converter.HttpMessageNotReadableException: JSON parse error: Unexpected character ('i' (code 105)): was expecting double-quote to start field name]
]]></system-out>
  <system-err><![CDATA[]]></system-err>
</testsuite>
